<?xml version="1.0" encoding="UTF-8"?>
<!-- Generated by org.testng.reporters.JUnitReportReporter -->
<testsuite skipped="0" hostname="satyam-PC" name="testcases.Log4jDemo" tests="1" failures="0" timestamp="02 Aug 2019 15:30:06 GMT" time="13.801" errors="0">
  <testcase name="logintoapplication" time="13.801" classname="testcases.Log4jDemo"/>
</testsuite> <!-- testcases.Log4jDemo -->
