<?xml version="1.0" encoding="UTF-8"?>
<!-- Generated by org.testng.reporters.JUnitReportReporter -->
<testsuite skipped="0" hostname="satyam-PC" name="testcases.OpenNewAccountTest" tests="1" failures="0" timestamp="01 Oct 2019 17:27:12 GMT" time="31.078" errors="0">
  <testcase name="tc_1_validate_open_new_account" time="31.078" classname="testcases.OpenNewAccountTest"/>
</testsuite> <!-- testcases.OpenNewAccountTest -->
