<?xml version="1.0" encoding="UTF-8"?>
<!-- Generated by org.testng.reporters.JUnitReportReporter -->
<testsuite skipped="0" hostname="satyam-PC" name="testcases.LoginPageTest" tests="2" failures="0" timestamp="01 Oct 2019 17:27:12 GMT" time="48.099" errors="0">
  <testcase name="validate_login_credential" time="28.764" classname="testcases.LoginPageTest"/>
  <testcase name="ValidatePageTile" time="19.335" classname="testcases.LoginPageTest"/>
</testsuite> <!-- testcases.LoginPageTest -->
